
==========================================================================
05_cve2_register_file_ff.grt check_setup
--------------------------------------------------------------------------
1

==========================================================================
05_cve2_register_file_ff.grt report_tns
--------------------------------------------------------------------------
tns 0.00

==========================================================================
05_cve2_register_file_ff.grt report_wns
--------------------------------------------------------------------------
wns 0.00

==========================================================================
05_cve2_register_file_ff.grt report_worst_slack
--------------------------------------------------------------------------
worst slack 3.70

==========================================================================
05_cve2_register_file_ff.grt report_checks -path_delay min
--------------------------------------------------------------------------
Startpoint: wdata_a_i[27] (input port clocked by clk_sys)
Endpoint: rf_reg[219]_reg (rising edge-triggered flip-flop clocked by clk_sys)
Path Group: clk_sys
Path Type: min
Corner: tt

Fanout     Cap    Slew   Delay    Time   Description
-----------------------------------------------------------------------------
                          0.00    0.00   clock clk_sys (rise edge)
                          0.00    0.00   clock network delay (propagated)
                          0.50    0.50 ^ input external delay
    31    0.10    0.00    0.00    0.50 ^ wdata_a_i[27] (in)
                                         wdata_a_i[27] (net)
                  0.01    0.01    0.51 ^ _7136_/A1 (sg13g2_mux2_1)
     1    0.00    0.02    0.07    0.58 ^ _7136_/X (sg13g2_mux2_1)
                                         _0143_ (net)
                  0.02    0.00    0.58 ^ rf_reg[219]_reg/D (sg13g2_dfrbp_1)
                                  0.58   data arrival time

                          0.00    0.00   clock clk_sys (rise edge)
                          0.00    0.00   clock source latency
     1    0.03    0.00    0.00    0.00 ^ clk_i (in)
                                         clk_i (net)
                  0.01    0.00    0.00 ^ clkbuf_0_clk_i/A (sg13g2_buf_8)
    16    0.38    0.20    0.17    0.18 ^ clkbuf_0_clk_i/X (sg13g2_buf_8)
                                         clknet_0_clk_i (net)
                  0.21    0.02    0.20 ^ clkbuf_4_8_0_clk_i/A (sg13g2_buf_16)
     2    0.02    0.03    0.13    0.33 ^ clkbuf_4_8_0_clk_i/X (sg13g2_buf_16)
                                         clknet_4_8_0_clk_i (net)
                  0.03    0.00    0.33 ^ clkbuf_5_17__f_clk_i/A (sg13g2_buf_8)
     5    0.10    0.06    0.09    0.42 ^ clkbuf_5_17__f_clk_i/X (sg13g2_buf_8)
                                         clknet_5_17__leaf_clk_i (net)
                  0.06    0.01    0.43 ^ clkbuf_leaf_103_clk_i/A (sg13g2_buf_16)
     7    0.03    0.02    0.08    0.51 ^ clkbuf_leaf_103_clk_i/X (sg13g2_buf_16)
                                         clknet_leaf_103_clk_i (net)
                  0.02    0.00    0.52 ^ rf_reg[219]_reg/CLK (sg13g2_dfrbp_1)
                          0.10    0.62   clock uncertainty
                          0.00    0.62   clock reconvergence pessimism
                         -0.06    0.56   library hold time
                                  0.56   data required time
-----------------------------------------------------------------------------
                                  0.56   data required time
                                 -0.58   data arrival time
-----------------------------------------------------------------------------
                                  0.02   slack (MET)



==========================================================================
05_cve2_register_file_ff.grt report_checks -path_delay max
--------------------------------------------------------------------------
Startpoint: raddr_b_i[0] (input port clocked by clk_sys)
Endpoint: rdata_b_o[17] (output port clocked by clk_sys)
Path Group: clk_sys
Path Type: max
Corner: tt

Fanout     Cap    Slew   Delay    Time   Description
-----------------------------------------------------------------------------
                          0.00    0.00   clock clk_sys (rise edge)
                          0.00    0.00   clock network delay (propagated)
                          2.00    2.00 ^ input external delay
   448    3.20    0.00    0.00    2.00 ^ raddr_b_i[0] (in)
                                         raddr_b_i[0] (net)
                  1.50    0.75    2.75 ^ _6113_/S (sg13g2_mux2_1)
     1    0.00    0.06    0.36    3.11 v _6113_/X (sg13g2_mux2_1)
                                         _2191_ (net)
                  0.06    0.00    3.11 v _6114_/B (sg13g2_nand2_1)
     1    0.01    0.09    0.05    3.16 ^ _6114_/Y (sg13g2_nand2_1)
                                         _2192_ (net)
                  0.09    0.00    3.16 ^ _6115_/B1 (sg13g2_o21ai_1)
     1    0.00    0.08    0.08    3.24 v _6115_/Y (sg13g2_o21ai_1)
                                         _2193_ (net)
                  0.08    0.00    3.24 v _6120_/A2 (sg13g2_a21oi_1)
     1    0.01    0.11    0.13    3.37 ^ _6120_/Y (sg13g2_a21oi_1)
                                         _2198_ (net)
                  0.11    0.00    3.37 ^ _6138_/B (sg13g2_nand3_1)
     1    0.54    4.39    3.17    6.55 v _6138_/Y (sg13g2_nand3_1)
                                         rdata_b_o[17] (net)
                  4.39    0.15    6.70 v rdata_b_o[17] (out)
                                  6.70   data arrival time

                         12.50   12.50   clock clk_sys (rise edge)
                          0.00   12.50   clock network delay (propagated)
                         -0.10   12.40   clock uncertainty
                          0.00   12.40   clock reconvergence pessimism
                         -2.00   10.40   output external delay
                                 10.40   data required time
-----------------------------------------------------------------------------
                                 10.40   data required time
                                 -6.70   data arrival time
-----------------------------------------------------------------------------
                                  3.70   slack (MET)



==========================================================================
05_cve2_register_file_ff.grt report_checks -unconstrained
--------------------------------------------------------------------------
Startpoint: raddr_b_i[0] (input port clocked by clk_sys)
Endpoint: rdata_b_o[17] (output port clocked by clk_sys)
Path Group: clk_sys
Path Type: max
Corner: tt

Fanout     Cap    Slew   Delay    Time   Description
-----------------------------------------------------------------------------
                          0.00    0.00   clock clk_sys (rise edge)
                          0.00    0.00   clock network delay (propagated)
                          2.00    2.00 ^ input external delay
   448    3.20    0.00    0.00    2.00 ^ raddr_b_i[0] (in)
                                         raddr_b_i[0] (net)
                  1.50    0.75    2.75 ^ _6113_/S (sg13g2_mux2_1)
     1    0.00    0.06    0.36    3.11 v _6113_/X (sg13g2_mux2_1)
                                         _2191_ (net)
                  0.06    0.00    3.11 v _6114_/B (sg13g2_nand2_1)
     1    0.01    0.09    0.05    3.16 ^ _6114_/Y (sg13g2_nand2_1)
                                         _2192_ (net)
                  0.09    0.00    3.16 ^ _6115_/B1 (sg13g2_o21ai_1)
     1    0.00    0.08    0.08    3.24 v _6115_/Y (sg13g2_o21ai_1)
                                         _2193_ (net)
                  0.08    0.00    3.24 v _6120_/A2 (sg13g2_a21oi_1)
     1    0.01    0.11    0.13    3.37 ^ _6120_/Y (sg13g2_a21oi_1)
                                         _2198_ (net)
                  0.11    0.00    3.37 ^ _6138_/B (sg13g2_nand3_1)
     1    0.54    4.39    3.17    6.55 v _6138_/Y (sg13g2_nand3_1)
                                         rdata_b_o[17] (net)
                  4.39    0.15    6.70 v rdata_b_o[17] (out)
                                  6.70   data arrival time

                         12.50   12.50   clock clk_sys (rise edge)
                          0.00   12.50   clock network delay (propagated)
                         -0.10   12.40   clock uncertainty
                          0.00   12.40   clock reconvergence pessimism
                         -2.00   10.40   output external delay
                                 10.40   data required time
-----------------------------------------------------------------------------
                                 10.40   data required time
                                 -6.70   data arrival time
-----------------------------------------------------------------------------
                                  3.70   slack (MET)



==========================================================================
05_cve2_register_file_ff.grt report_check_types -max_slew -max_cap -max_fanout -violators
--------------------------------------------------------------------------

==========================================================================
05_cve2_register_file_ff.grt max_slew_check_slack
--------------------------------------------------------------------------
-1.8787434101104736

==========================================================================
05_cve2_register_file_ff.grt max_slew_check_limit
--------------------------------------------------------------------------
2.5074000358581543

==========================================================================
05_cve2_register_file_ff.grt max_slew_check_slack_limit
--------------------------------------------------------------------------
-0.7493

==========================================================================
05_cve2_register_file_ff.grt max_fanout_check_slack
--------------------------------------------------------------------------
-8.0

==========================================================================
05_cve2_register_file_ff.grt max_fanout_check_limit
--------------------------------------------------------------------------
8.0

==========================================================================
05_cve2_register_file_ff.grt max_fanout_check_slack_limit
--------------------------------------------------------------------------
-1.0000

==========================================================================
05_cve2_register_file_ff.grt max_capacitance_check_slack
--------------------------------------------------------------------------
-0.2379257082939148

==========================================================================
05_cve2_register_file_ff.grt max_capacitance_check_limit
--------------------------------------------------------------------------
0.30000001192092896

==========================================================================
05_cve2_register_file_ff.grt max_capacitance_check_slack_limit
--------------------------------------------------------------------------
-0.7931

==========================================================================
05_cve2_register_file_ff.grt max_slew_violation_count
--------------------------------------------------------------------------
max slew violation count 64

==========================================================================
05_cve2_register_file_ff.grt max_fanout_violation_count
--------------------------------------------------------------------------
max fanout violation count 1

==========================================================================
05_cve2_register_file_ff.grt max_cap_violation_count
--------------------------------------------------------------------------
max cap violation count 64

==========================================================================
05_cve2_register_file_ff.grt setup_violation_count
--------------------------------------------------------------------------
setup violation count 0

==========================================================================
05_cve2_register_file_ff.grt hold_violation_count
--------------------------------------------------------------------------
hold violation count 0

==========================================================================
05_cve2_register_file_ff.grt critical path delay
--------------------------------------------------------------------------
6.6961

==========================================================================
05_cve2_register_file_ff.grt critical path slack
--------------------------------------------------------------------------
3.7039

==========================================================================
05_cve2_register_file_ff.grt slack div critical path delay
--------------------------------------------------------------------------
55.314287

==========================================================================
05_cve2_register_file_ff.grt report_power tt
--------------------------------------------------------------------------
Group                  Internal  Switching    Leakage      Total
                          Power      Power      Power      Power (Watts)
----------------------------------------------------------------
Sequential             6.54e-03   4.01e-04   5.25e-07   6.94e-03  55.5%
Combinational          1.22e-03   1.44e-03   7.03e-07   2.66e-03  21.3%
Clock                  2.00e-03   8.98e-04   2.36e-07   2.90e-03  23.2%
Macro                  0.00e+00   0.00e+00   0.00e+00   0.00e+00   0.0%
Pad                    0.00e+00   0.00e+00   0.00e+00   0.00e+00   0.0%
----------------------------------------------------------------
Total                  9.77e-03   2.74e-03   1.46e-06   1.25e-02 100.0%
                          78.1%      21.9%       0.0%

==========================================================================
05_cve2_register_file_ff.grt report_design_area
--------------------------------------------------------------------------

==========================================================================
05_cve2_register_file_ff.grt area by hierarchy
--------------------------------------------------------------------------

--------------------------------------------------------------------------------
Design Area Summary
--------------------------------------------------------------------------------
Die Area:              168100.0 um2
Core Area:             158505.984 um2
Total Area:            104496.7392 um2
Total Active Area:     104496.7392 um2

Core Utilization:      0.6592605311355312
Std Cell Utilization:  0.6592605311355312

--------------------------------------------------------------------------------
Hierarchical Area Report
--------------------------------------------------------------------------------
                                                                                Global Area (um^2)                                                              Global Instances                                                                Local Area (um^2)                                                               Local Instances
                                                                                ------------------------------------------------------------------------------- ------------------------------------------------------------------------------- ------------------------------------------------------------------------------- ----------------------------------------------------------------------------
Hierarchy Name                                                                  Total           StdCell         Macro           Cover           Pad             Total           StdCell         Macro           Cover           Pad             Total           StdCell         Macro           Cover           Pad             Total           StdCell         Macro           Cover           Pad             
-----------------------------------------------------------------------------------------------------------------------------------------------------------------------------------------------------------------------------------------------------------------------------------------------------------------------------------------------------------------------------------------------------------
<top>                                                                           104496.739      104496.739      0.000           0.000           0.000           4350            4350            0               0               0               104496.739      104496.739      0.000           0.000           0.000           4350            4350            0               0               0               
