
==========================================================================
07_timer_unit.final check_setup
--------------------------------------------------------------------------
1

==========================================================================
07_timer_unit.final report_tns
--------------------------------------------------------------------------
tns 0.00

==========================================================================
07_timer_unit.final report_wns
--------------------------------------------------------------------------
wns 0.00

==========================================================================
07_timer_unit.final report_worst_slack
--------------------------------------------------------------------------
worst slack 4.16

==========================================================================
07_timer_unit.final report_checks -path_delay min
--------------------------------------------------------------------------
Startpoint: prescaler_hi_i.counter_value_o[0]_reg
            (rising edge-triggered flip-flop clocked by clk_sys)
Endpoint: prescaler_hi_i.counter_value_o[0]_reg
          (rising edge-triggered flip-flop clocked by clk_sys)
Path Group: clk_sys
Path Type: min
Corner: ff

Fanout     Cap    Slew   Delay    Time   Description
-----------------------------------------------------------------------------
                          0.00    0.00   clock clk_sys (rise edge)
                          0.00    0.00   clock source latency
     1    0.04    0.00    0.00    0.00 ^ clk_i (in)
                                         clk_i (net)
                  0.01    0.00    0.00 ^ clkbuf_0_clk_i/A (sg13g2_buf_8)
     8    0.13    0.05    0.06    0.07 ^ clkbuf_0_clk_i/X (sg13g2_buf_8)
                                         clknet_0_clk_i (net)
                  0.05    0.01    0.07 ^ clkbuf_3_6__f_clk_i/A (sg13g2_buf_8)
     5    0.07    0.03    0.07    0.14 ^ clkbuf_3_6__f_clk_i/X (sg13g2_buf_8)
                                         clknet_3_6__leaf_clk_i (net)
                  0.03    0.00    0.15 ^ clkbuf_leaf_16_clk_i/A (sg13g2_buf_8)
     9    0.04    0.02    0.05    0.20 ^ clkbuf_leaf_16_clk_i/X (sg13g2_buf_8)
                                         clknet_leaf_16_clk_i (net)
                  0.02    0.00    0.20 ^ prescaler_hi_i.counter_value_o[0]_reg/CLK (sg13g2_dfrbp_1)
     1    0.00    0.03    0.11    0.31 v prescaler_hi_i.counter_value_o[0]_reg/Q_N (sg13g2_dfrbp_1)
                                         prescaler_hi_i.enable_count_i_$_MUX__S_31_B[0] (net)
                  0.03    0.00    0.31 v _2252_/A (sg13g2_nand2_1)
     1    0.00    0.02    0.02    0.34 ^ _2252_/Y (sg13g2_nand2_1)
                                         _0494_ (net)
                  0.02    0.00    0.34 ^ _2253_/A2 (sg13g2_a21oi_1)
     2    0.01    0.03    0.06    0.40 v _2253_/Y (sg13g2_a21oi_1)
                                         prescaler_hi_i.s_count[0] (net)
                  0.03    0.00    0.40 v prescaler_hi_i.counter_value_o[0]_reg/D (sg13g2_dfrbp_1)
                                  0.40   data arrival time

                          0.00    0.00   clock clk_sys (rise edge)
                          0.00    0.00   clock source latency
     1    0.04    0.00    0.00    0.00 ^ clk_i (in)
                                         clk_i (net)
                  0.01    0.00    0.00 ^ clkbuf_0_clk_i/A (sg13g2_buf_8)
     8    0.13    0.05    0.06    0.07 ^ clkbuf_0_clk_i/X (sg13g2_buf_8)
                                         clknet_0_clk_i (net)
                  0.05    0.01    0.07 ^ clkbuf_3_6__f_clk_i/A (sg13g2_buf_8)
     5    0.07    0.03    0.07    0.14 ^ clkbuf_3_6__f_clk_i/X (sg13g2_buf_8)
                                         clknet_3_6__leaf_clk_i (net)
                  0.03    0.00    0.15 ^ clkbuf_leaf_16_clk_i/A (sg13g2_buf_8)
     9    0.04    0.02    0.05    0.20 ^ clkbuf_leaf_16_clk_i/X (sg13g2_buf_8)
                                         clknet_leaf_16_clk_i (net)
                  0.02    0.00    0.20 ^ prescaler_hi_i.counter_value_o[0]_reg/CLK (sg13g2_dfrbp_1)
                          0.10    0.30   clock uncertainty
                          0.00    0.30   clock reconvergence pessimism
                         -0.02    0.28   library hold time
                                  0.28   data required time
-----------------------------------------------------------------------------
                                  0.28   data required time
                                 -0.40   data arrival time
-----------------------------------------------------------------------------
                                  0.12   slack (MET)



==========================================================================
07_timer_unit.final report_checks -path_delay max
--------------------------------------------------------------------------
Startpoint: r_valid_o_reg (rising edge-triggered flip-flop clocked by clk_sys)
Endpoint: r_rdata_o[16] (output port clocked by clk_sys)
Path Group: clk_sys
Path Type: max
Corner: tt

Fanout     Cap    Slew   Delay    Time   Description
-----------------------------------------------------------------------------
                          0.00    0.00   clock clk_sys (rise edge)
                          0.00    0.00   clock source latency
     1    0.04    0.00    0.00    0.00 ^ clk_i (in)
                                         clk_i (net)
                  0.01    0.00    0.00 ^ clkbuf_0_clk_i/A (sg13g2_buf_8)
     8    0.13    0.08    0.10    0.10 ^ clkbuf_0_clk_i/X (sg13g2_buf_8)
                                         clknet_0_clk_i (net)
                  0.08    0.01    0.10 ^ clkbuf_3_6__f_clk_i/A (sg13g2_buf_8)
     5    0.07    0.05    0.11    0.21 ^ clkbuf_3_6__f_clk_i/X (sg13g2_buf_8)
                                         clknet_3_6__leaf_clk_i (net)
                  0.05    0.00    0.21 ^ clkbuf_leaf_23_clk_i/A (sg13g2_buf_8)
     9    0.04    0.03    0.08    0.30 ^ clkbuf_leaf_23_clk_i/X (sg13g2_buf_8)
                                         clknet_leaf_23_clk_i (net)
                  0.03    0.00    0.30 ^ r_valid_o_reg/CLK (sg13g2_dfrbp_2)
     2    0.54    1.11    0.87    1.17 ^ r_valid_o_reg/Q (sg13g2_dfrbp_2)
                                         r_valid_o (net)
                  1.11    0.02    1.20 ^ _2552_/A (sg13g2_nand3_1)
     1    0.00    0.20    0.23    1.43 v _2552_/Y (sg13g2_nand3_1)
                                         _0727_ (net)
                  0.20    0.00    1.43 v _2553_/B (sg13g2_nor2_1)
     1    0.01    0.09    0.11    1.54 ^ _2553_/Y (sg13g2_nor2_1)
                                         _0728_ (net)
                  0.09    0.00    1.54 ^ _2554_/B1 (sg13g2_o21ai_1)
     1    0.01    0.06    0.09    1.63 v _2554_/Y (sg13g2_o21ai_1)
                                         _0729_ (net)
                  0.06    0.00    1.63 v fanout25/A (sg13g2_buf_2)
     5    0.05    0.08    0.14    1.77 v fanout25/X (sg13g2_buf_2)
                                         net25 (net)
                  0.08    0.00    1.77 v fanout24/A (sg13g2_buf_4)
     8    0.10    0.09    0.14    1.91 v fanout24/X (sg13g2_buf_4)
                                         net24 (net)
                  0.10    0.02    1.94 v fanout23/A (sg13g2_buf_4)
     8    0.07    0.07    0.15    2.08 v fanout23/X (sg13g2_buf_4)
                                         net23 (net)
                  0.07    0.00    2.09 v _2615_/A (sg13g2_nor2b_2)
     1    0.55    2.23    1.53    3.62 ^ _2615_/Y (sg13g2_nor2b_2)
                                         r_rdata_o[16] (net)
                  2.24    0.12    3.74 ^ r_rdata_o[16] (out)
                                  3.74   data arrival time

                         10.00   10.00   max_delay
                          0.00   10.00   clock clk_sys (rise edge)
                          0.00   10.00   clock network delay (propagated)
                         -0.10    9.90   clock uncertainty
                          0.00    9.90   clock reconvergence pessimism
                         -2.00    7.90   output external delay
                                  7.90   data required time
-----------------------------------------------------------------------------
                                  7.90   data required time
                                 -3.74   data arrival time
-----------------------------------------------------------------------------
                                  4.16   slack (MET)



==========================================================================
07_timer_unit.final report_checks -unconstrained
--------------------------------------------------------------------------
Startpoint: r_valid_o_reg (rising edge-triggered flip-flop clocked by clk_sys)
Endpoint: r_rdata_o[16] (output port clocked by clk_sys)
Path Group: clk_sys
Path Type: max
Corner: tt

Fanout     Cap    Slew   Delay    Time   Description
-----------------------------------------------------------------------------
                          0.00    0.00   clock clk_sys (rise edge)
                          0.00    0.00   clock source latency
     1    0.04    0.00    0.00    0.00 ^ clk_i (in)
                                         clk_i (net)
                  0.01    0.00    0.00 ^ clkbuf_0_clk_i/A (sg13g2_buf_8)
     8    0.13    0.08    0.10    0.10 ^ clkbuf_0_clk_i/X (sg13g2_buf_8)
                                         clknet_0_clk_i (net)
                  0.08    0.01    0.10 ^ clkbuf_3_6__f_clk_i/A (sg13g2_buf_8)
     5    0.07    0.05    0.11    0.21 ^ clkbuf_3_6__f_clk_i/X (sg13g2_buf_8)
                                         clknet_3_6__leaf_clk_i (net)
                  0.05    0.00    0.21 ^ clkbuf_leaf_23_clk_i/A (sg13g2_buf_8)
     9    0.04    0.03    0.08    0.30 ^ clkbuf_leaf_23_clk_i/X (sg13g2_buf_8)
                                         clknet_leaf_23_clk_i (net)
                  0.03    0.00    0.30 ^ r_valid_o_reg/CLK (sg13g2_dfrbp_2)
     2    0.54    1.11    0.87    1.17 ^ r_valid_o_reg/Q (sg13g2_dfrbp_2)
                                         r_valid_o (net)
                  1.11    0.02    1.20 ^ _2552_/A (sg13g2_nand3_1)
     1    0.00    0.20    0.23    1.43 v _2552_/Y (sg13g2_nand3_1)
                                         _0727_ (net)
                  0.20    0.00    1.43 v _2553_/B (sg13g2_nor2_1)
     1    0.01    0.09    0.11    1.54 ^ _2553_/Y (sg13g2_nor2_1)
                                         _0728_ (net)
                  0.09    0.00    1.54 ^ _2554_/B1 (sg13g2_o21ai_1)
     1    0.01    0.06    0.09    1.63 v _2554_/Y (sg13g2_o21ai_1)
                                         _0729_ (net)
                  0.06    0.00    1.63 v fanout25/A (sg13g2_buf_2)
     5    0.05    0.08    0.14    1.77 v fanout25/X (sg13g2_buf_2)
                                         net25 (net)
                  0.08    0.00    1.77 v fanout24/A (sg13g2_buf_4)
     8    0.10    0.09    0.14    1.91 v fanout24/X (sg13g2_buf_4)
                                         net24 (net)
                  0.10    0.02    1.94 v fanout23/A (sg13g2_buf_4)
     8    0.07    0.07    0.15    2.08 v fanout23/X (sg13g2_buf_4)
                                         net23 (net)
                  0.07    0.00    2.09 v _2615_/A (sg13g2_nor2b_2)
     1    0.55    2.23    1.53    3.62 ^ _2615_/Y (sg13g2_nor2b_2)
                                         r_rdata_o[16] (net)
                  2.24    0.12    3.74 ^ r_rdata_o[16] (out)
                                  3.74   data arrival time

                         10.00   10.00   max_delay
                          0.00   10.00   clock clk_sys (rise edge)
                          0.00   10.00   clock network delay (propagated)
                         -0.10    9.90   clock uncertainty
                          0.00    9.90   clock reconvergence pessimism
                         -2.00    7.90   output external delay
                                  7.90   data required time
-----------------------------------------------------------------------------
                                  7.90   data required time
                                 -3.74   data arrival time
-----------------------------------------------------------------------------
                                  4.16   slack (MET)



==========================================================================
07_timer_unit.final report_check_types -max_slew -max_cap -max_fanout -violators
--------------------------------------------------------------------------

==========================================================================
07_timer_unit.final max_slew_check_slack
--------------------------------------------------------------------------
-0.7837264537811279

==========================================================================
07_timer_unit.final max_slew_check_limit
--------------------------------------------------------------------------
2.5074000358581543

==========================================================================
07_timer_unit.final max_slew_check_slack_limit
--------------------------------------------------------------------------
-0.3126

==========================================================================
07_timer_unit.final max_fanout_check_slack
--------------------------------------------------------------------------
-1.0

==========================================================================
07_timer_unit.final max_fanout_check_limit
--------------------------------------------------------------------------
8.0

==========================================================================
07_timer_unit.final max_fanout_check_slack_limit
--------------------------------------------------------------------------
-0.1250

==========================================================================
07_timer_unit.final max_capacitance_check_slack
--------------------------------------------------------------------------
-0.2268165796995163

==========================================================================
07_timer_unit.final max_capacitance_check_limit
--------------------------------------------------------------------------
0.30000001192092896

==========================================================================
07_timer_unit.final max_capacitance_check_slack_limit
--------------------------------------------------------------------------
-0.7561

==========================================================================
07_timer_unit.final max_slew_violation_count
--------------------------------------------------------------------------
max slew violation count 147

==========================================================================
07_timer_unit.final max_fanout_violation_count
--------------------------------------------------------------------------
max fanout violation count 12

==========================================================================
07_timer_unit.final max_cap_violation_count
--------------------------------------------------------------------------
max cap violation count 1

==========================================================================
07_timer_unit.final setup_violation_count
--------------------------------------------------------------------------
setup violation count 0

==========================================================================
07_timer_unit.final hold_violation_count
--------------------------------------------------------------------------
hold violation count 0

==========================================================================
07_timer_unit.final critical path delay
--------------------------------------------------------------------------
3.7391

==========================================================================
07_timer_unit.final critical path slack
--------------------------------------------------------------------------
4.1609

==========================================================================
07_timer_unit.final slack div critical path delay
--------------------------------------------------------------------------
111.280789

==========================================================================
07_timer_unit.final report_power tt
--------------------------------------------------------------------------
Group                  Internal  Switching    Leakage      Total
                          Power      Power      Power      Power (Watts)
----------------------------------------------------------------
Sequential             1.70e-03   1.42e-04   1.50e-07   1.84e-03  66.5%
Combinational          1.98e-04   1.58e-04   2.05e-07   3.56e-04  12.9%
Clock                  3.27e-04   2.46e-04   3.97e-08   5.73e-04  20.7%
Macro                  0.00e+00   0.00e+00   0.00e+00   0.00e+00   0.0%
Pad                    0.00e+00   0.00e+00   0.00e+00   0.00e+00   0.0%
----------------------------------------------------------------
Total                  2.23e-03   5.46e-04   3.95e-07   2.77e-03 100.0%
                          80.3%      19.7%       0.0%

==========================================================================
07_timer_unit.final report_design_area
--------------------------------------------------------------------------

==========================================================================
07_timer_unit.final area by hierarchy
--------------------------------------------------------------------------

--------------------------------------------------------------------------------
Design Area Summary
--------------------------------------------------------------------------------
Die Area:              44100.0 um2
Core Area:             39249.1008 um2
Total Area:            30559.9392 um2
Total Active Area:     30559.9392 um2

Core Utilization:      0.7786150147928994
Std Cell Utilization:  0.7786150147928994

--------------------------------------------------------------------------------
Hierarchical Area Report
--------------------------------------------------------------------------------
                                                                                Global Area (um^2)                                                              Global Instances                                                                Local Area (um^2)                                                               Local Instances
                                                                                ------------------------------------------------------------------------------- ------------------------------------------------------------------------------- ------------------------------------------------------------------------------- ----------------------------------------------------------------------------
Hierarchy Name                                                                  Total           StdCell         Macro           Cover           Pad             Total           StdCell         Macro           Cover           Pad             Total           StdCell         Macro           Cover           Pad             Total           StdCell         Macro           Cover           Pad             
-----------------------------------------------------------------------------------------------------------------------------------------------------------------------------------------------------------------------------------------------------------------------------------------------------------------------------------------------------------------------------------------------------------
<top>                                                                           30559.939       30559.939       0.000           0.000           0.000           1785            1785            0               0               0               30559.939       30559.939       0.000           0.000           0.000           1785            1785            0               0               0               
