
==========================================================================
02_croc.gpl1 check_setup
--------------------------------------------------------------------------
0

==========================================================================
02_croc.gpl1 report_tns
--------------------------------------------------------------------------
tns 0.00

==========================================================================
02_croc.gpl1 report_wns
--------------------------------------------------------------------------
wns 0.00

==========================================================================
02_croc.gpl1 report_worst_slack
--------------------------------------------------------------------------
worst slack 0.32

==========================================================================
02_croc.gpl1 report_checks -path_delay min
--------------------------------------------------------------------------
Startpoint: i_croc_soc/i_rstgen.i_rstgen_bypass.synch_regs_q_3__reg
            (rising edge-triggered flip-flop clocked by clk_sys)
Endpoint: i_croc_soc/i_croc/i_dmi_jtag/i_dmi_cdc.i_cdc_resp/i_src/i_sync/serial_o_reg
          (removal check against rising-edge clock clk_sys)
Path Group: asynchronous
Path Type: min
Corner: ff

Fanout     Cap    Slew   Delay    Time   Description
-----------------------------------------------------------------------------
                  0.20    0.00    0.00   clock clk_sys (rise edge)
                          0.00    0.00   clock network delay (ideal)
                  0.20    0.00    0.00 ^ i_croc_soc/i_rstgen.i_rstgen_bypass.synch_regs_q_3__reg/CLK (sg13g2_dfrbp_1)
     2    0.01    0.03    0.20    0.20 ^ i_croc_soc/i_rstgen.i_rstgen_bypass.synch_regs_q_3__reg/Q (sg13g2_dfrbp_1)
                                         i_croc_soc/i_rstgen.i_rstgen_bypass.synch_regs_q_3_ (net)
                  0.03    0.00    0.20 ^ i_croc_soc/i_rstgen.i_rstgen_bypass.i_tc_clk_mux2_rst_no/i_mux/A0 (sg13g2_mux2_2)
     3    0.02    0.04    0.09    0.29 ^ i_croc_soc/i_rstgen.i_rstgen_bypass.i_tc_clk_mux2_rst_no/i_mux/X (sg13g2_mux2_2)
                                         i_croc_soc/i_rstgen.i_rstgen_bypass.rst_no (net)
                  0.04    0.00    0.29 ^ fanout1416/A (sg13g2_buf_1)
     5    0.01    0.04    0.07    0.35 ^ fanout1416/X (sg13g2_buf_1)
                                         net1416 (net)
                  0.04    0.00    0.35 ^ fanout1260/A (sg13g2_buf_1)
     4    0.01    0.05    0.07    0.42 ^ fanout1260/X (sg13g2_buf_1)
                                         net1260 (net)
                  0.05    0.00    0.42 ^ i_croc_soc/i_croc/i_dmi_jtag/i_dmi_cdc.i_cdc_resp/i_src/i_sync/serial_o_reg/RESET_B (sg13g2_dfrbp_1)
                                  0.42   data arrival time

                  0.20    0.00    0.00   clock clk_sys (rise edge)
                          0.00    0.00   clock network delay (ideal)
                          0.10    0.10   clock uncertainty
                          0.00    0.10   clock reconvergence pessimism
                                  0.10 ^ i_croc_soc/i_croc/i_dmi_jtag/i_dmi_cdc.i_cdc_resp/i_src/i_sync/serial_o_reg/CLK (sg13g2_dfrbp_1)
                         -0.06    0.04   library removal time
                                  0.04   data required time
-----------------------------------------------------------------------------
                                  0.04   data required time
                                 -0.42   data arrival time
-----------------------------------------------------------------------------
                                  0.38   slack (MET)


Startpoint: i_croc_soc/i_croc/i_dmi_jtag/i_dmi_cdc.i_cdc_req/i_cdc_reset_ctrlr/i_cdc_reset_ctrlr_half_a/i_state_transition_cdc_dst/i_sync/reg_q_0__reg
            (rising edge-triggered flip-flop clocked by clk_jtg)
Endpoint: i_croc_soc/i_croc/i_dmi_jtag/i_dmi_cdc.i_cdc_req/i_cdc_reset_ctrlr/i_cdc_reset_ctrlr_half_a/i_state_transition_cdc_dst/i_sync/serial_o_reg
          (rising edge-triggered flip-flop clocked by clk_jtg)
Path Group: clk_jtg
Path Type: min
Corner: ff

Fanout     Cap    Slew   Delay    Time   Description
-----------------------------------------------------------------------------
                  0.20    0.00    0.00   clock clk_jtg (rise edge)
                          0.00    0.00   clock network delay (ideal)
                  0.20    0.00    0.00 ^ i_croc_soc/i_croc/i_dmi_jtag/i_dmi_cdc.i_cdc_req/i_cdc_reset_ctrlr/i_cdc_reset_ctrlr_half_a/i_state_transition_cdc_dst/i_sync/reg_q_0__reg/CLK (sg13g2_dfrbp_1)
     1    0.00    0.01    0.18    0.18 v i_croc_soc/i_croc/i_dmi_jtag/i_dmi_cdc.i_cdc_req/i_cdc_reset_ctrlr/i_cdc_reset_ctrlr_half_a/i_state_transition_cdc_dst/i_sync/reg_q_0__reg/Q (sg13g2_dfrbp_1)
                                         i_croc_soc/i_croc/i_dmi_jtag/i_dmi_cdc.i_cdc_req/i_cdc_reset_ctrlr/i_cdc_reset_ctrlr_half_a/i_state_transition_cdc_dst/i_sync/reg_q_0_ (net)
                  0.01    0.00    0.18 v i_croc_soc/i_croc/i_dmi_jtag/i_dmi_cdc.i_cdc_req/i_cdc_reset_ctrlr/i_cdc_reset_ctrlr_half_a/i_state_transition_cdc_dst/i_sync/serial_o_reg/D (sg13g2_dfrbp_1)
                                  0.18   data arrival time

                  0.20    0.00    0.00   clock clk_jtg (rise edge)
                          0.00    0.00   clock network delay (ideal)
                          0.10    0.10   clock uncertainty
                          0.00    0.10   clock reconvergence pessimism
                                  0.10 ^ i_croc_soc/i_croc/i_dmi_jtag/i_dmi_cdc.i_cdc_req/i_cdc_reset_ctrlr/i_cdc_reset_ctrlr_half_a/i_state_transition_cdc_dst/i_sync/serial_o_reg/CLK (sg13g2_dfrbp_1)
                          0.01    0.11   library hold time
                                  0.11   data required time
-----------------------------------------------------------------------------
                                  0.11   data required time
                                 -0.18   data arrival time
-----------------------------------------------------------------------------
                                  0.07   slack (MET)


Startpoint: i_croc_soc/i_croc/i_dm_top.i_dm_top/master_add_o[3]_reg
            (rising edge-triggered flip-flop clocked by clk_sys)
Endpoint: i_croc_soc/i_croc/gen_sram_bank[1].i_sram/gen_512x32xBx1.i_cut
          (rising edge-triggered flip-flop clocked by clk_sys)
Path Group: clk_sys
Path Type: min
Corner: tt

Fanout     Cap    Slew   Delay    Time   Description
-----------------------------------------------------------------------------
                  0.20    0.00    0.00   clock clk_sys (rise edge)
                          0.00    0.00   clock network delay (ideal)
                  0.20    0.00    0.00 ^ i_croc_soc/i_croc/i_dm_top.i_dm_top/master_add_o[3]_reg/CLK (sg13g2_dfrbp_1)
     3    0.01    0.05    0.29    0.29 ^ i_croc_soc/i_croc/i_dm_top.i_dm_top/master_add_o[3]_reg/Q (sg13g2_dfrbp_1)
                                         i_croc_soc/i_croc/i_dm_top.master_addr_o_3_ (net)
                  0.05    0.00    0.29 ^ i_croc_soc/i_croc/_5229_/A (sg13g2_nand3_1)
     1    0.00    0.06    0.07    0.35 v i_croc_soc/i_croc/_5229_/Y (sg13g2_nand3_1)
                                         i_croc_soc/i_croc/_1529_ (net)
                  0.06    0.00    0.35 v i_croc_soc/i_croc/_5231_/B (sg13g2_nand3_1)
     1    0.00    0.04    0.05    0.40 ^ i_croc_soc/i_croc/_5231_/Y (sg13g2_nand3_1)
                                         i_croc_soc/i_croc/_1531_ (net)
                  0.04    0.00    0.40 ^ i_croc_soc/i_croc/_5232_/B (sg13g2_and2_1)
     1    0.01    0.04    0.09    0.49 ^ i_croc_soc/i_croc/_5232_/X (sg13g2_and2_1)
                                         i_croc_soc/i_croc/all_sbr_obi_req_267_ (net)
                  0.05    0.00    0.49 ^ i_croc_soc/i_croc/gen_sram_bank[1].i_sram/gen_512x32xBx1.i_cut/A_ADDR[0] (RM_IHPSG13_1P_256x64_c2_bm_bist)
                                  0.49   data arrival time

                  0.20    0.00    0.00   clock clk_sys (rise edge)
                          0.00    0.00   clock network delay (ideal)
                          0.10    0.10   clock uncertainty
                          0.00    0.10   clock reconvergence pessimism
                                  0.10 ^ i_croc_soc/i_croc/gen_sram_bank[1].i_sram/gen_512x32xBx1.i_cut/A_CLK (RM_IHPSG13_1P_256x64_c2_bm_bist)
                          0.65    0.75   library hold time
                                  0.75   data required time
-----------------------------------------------------------------------------
                                  0.75   data required time
                                 -0.49   data arrival time
-----------------------------------------------------------------------------
                                 -0.26   slack (VIOLATED)



==========================================================================
02_croc.gpl1 report_checks -path_delay max
--------------------------------------------------------------------------
Startpoint: i_croc_soc/i_rstgen.i_rstgen_bypass.synch_regs_q_3__reg
            (rising edge-triggered flip-flop clocked by clk_sys)
Endpoint: i_croc_soc/i_croc/i_uart/i_apb_uart.UART_BG16.BAUDTICK_reg
          (recovery check against rising-edge clock clk_sys)
Path Group: asynchronous
Path Type: max
Corner: tt

Fanout     Cap    Slew   Delay    Time   Description
-----------------------------------------------------------------------------
                  0.20    0.00    0.00   clock clk_sys (rise edge)
                          0.00    0.00   clock network delay (ideal)
                  0.20    0.00    0.00 ^ i_croc_soc/i_rstgen.i_rstgen_bypass.synch_regs_q_3__reg/CLK (sg13g2_dfrbp_1)
     2    0.01    0.04    0.28    0.28 ^ i_croc_soc/i_rstgen.i_rstgen_bypass.synch_regs_q_3__reg/Q (sg13g2_dfrbp_1)
                                         i_croc_soc/i_rstgen.i_rstgen_bypass.synch_regs_q_3_ (net)
                  0.04    0.00    0.28 ^ i_croc_soc/i_rstgen.i_rstgen_bypass.i_tc_clk_mux2_rst_no/i_mux/A0 (sg13g2_mux2_2)
     3    0.02    0.06    0.14    0.42 ^ i_croc_soc/i_rstgen.i_rstgen_bypass.i_tc_clk_mux2_rst_no/i_mux/X (sg13g2_mux2_2)
                                         i_croc_soc/i_rstgen.i_rstgen_bypass.rst_no (net)
                  0.06    0.00    0.42 ^ max_cap1563/A (sg13g2_buf_1)
     1    0.00    0.02    0.07    0.50 ^ max_cap1563/X (sg13g2_buf_1)
                                         net1563 (net)
                  0.02    0.00    0.50 ^ fanout1559/A (sg13g2_buf_2)
     3    0.02    0.06    0.09    0.59 ^ fanout1559/X (sg13g2_buf_2)
                                         net1559 (net)
                  0.06    0.00    0.59 ^ max_cap1561/A (sg13g2_buf_1)
     2    0.00    0.03    0.08    0.66 ^ max_cap1561/X (sg13g2_buf_1)
                                         net1561 (net)
                  0.03    0.00    0.66 ^ fanout1557/A (sg13g2_buf_1)
     8    0.02    0.09    0.11    0.77 ^ fanout1557/X (sg13g2_buf_1)
                                         net1557 (net)
                  0.09    0.00    0.77 ^ fanout1555/A (sg13g2_buf_1)
     8    0.02    0.09    0.13    0.90 ^ fanout1555/X (sg13g2_buf_1)
                                         net1555 (net)
                  0.09    0.00    0.90 ^ fanout1464/A (sg13g2_buf_1)
     8    0.05    0.22    0.23    1.13 ^ fanout1464/X (sg13g2_buf_1)
                                         net1464 (net)
                  0.22    0.00    1.13 ^ i_croc_soc/i_croc/i_uart/i_apb_uart.UART_BG16.BAUDTICK_reg/RESET_B (sg13g2_dfrbp_1)
                                  1.13   data arrival time

                  0.20   12.50   12.50   clock clk_sys (rise edge)
                          0.00   12.50   clock network delay (ideal)
                         -0.10   12.40   clock uncertainty
                          0.00   12.40   clock reconvergence pessimism
                                 12.40 ^ i_croc_soc/i_croc/i_uart/i_apb_uart.UART_BG16.BAUDTICK_reg/CLK (sg13g2_dfrbp_1)
                         -0.15   12.25   library recovery time
                                 12.25   data required time
-----------------------------------------------------------------------------
                                 12.25   data required time
                                 -1.13   data arrival time
-----------------------------------------------------------------------------
                                 11.12   slack (MET)


Startpoint: i_croc_soc/i_croc/i_dmi_jtag/i_dmi_cdc.i_cdc_req/i_dst/async_ack_o_reg
            (rising edge-triggered flip-flop clocked by clk_sys)
Endpoint: i_croc_soc/i_croc/i_dm_top.i_dm_top/i_dm_csrs.sbdata_o_10__reg
          (rising edge-triggered flip-flop clocked by clk_sys)
Path Group: path delay
Path Type: max
Corner: tt

Fanout     Cap    Slew   Delay    Time   Description
-----------------------------------------------------------------------------
                  0.20    0.00    0.00 ^ i_croc_soc/i_croc/i_dmi_jtag/i_dmi_cdc.i_cdc_req/i_dst/async_ack_o_reg/CLK (sg13g2_dfrbp_1)
     6    0.02    0.09    0.32    0.32 ^ i_croc_soc/i_croc/i_dmi_jtag/i_dmi_cdc.i_cdc_req/i_dst/async_ack_o_reg/Q (sg13g2_dfrbp_1)
                                         i_croc_soc/i_croc/i_dmi_jtag/i_dmi_cdc.i_cdc_req/async_ack (net)
                  0.09    0.00    0.32 ^ i_croc_soc/i_croc/i_dmi_jtag/i_dmi_cdc.i_cdc_req/i_dst/_199_/A (sg13g2_xor2_1)
     1    0.00    0.05    0.12    0.44 ^ i_croc_soc/i_croc/i_dmi_jtag/i_dmi_cdc.i_cdc_req/i_dst/_199_/X (sg13g2_xor2_1)
                                         i_croc_soc/i_croc/i_dmi_jtag/i_dmi_cdc.i_cdc_req/s_dst_valid (net)
                  0.05    0.00    0.44 ^ i_croc_soc/i_croc/i_dmi_jtag/i_dmi_cdc.i_cdc_req/_5_/B_N (sg13g2_nor2b_1)
     2    0.01    0.08    0.11    0.55 ^ i_croc_soc/i_croc/i_dmi_jtag/i_dmi_cdc.i_cdc_req/_5_/Y (sg13g2_nor2b_1)
                                         i_croc_soc/i_croc/dmi_req_valid (net)
                  0.08    0.00    0.55 ^ i_croc_soc/i_croc/i_dm_top.i_dm_top/_4827_/A (sg13g2_nand2_1)
     4    0.01    0.08    0.10    0.65 v i_croc_soc/i_croc/i_dm_top.i_dm_top/_4827_/Y (sg13g2_nand2_1)
                                         i_croc_soc/i_croc/i_dm_top.i_dm_top/_0598_ (net)
                  0.08    0.00    0.65 v i_croc_soc/i_croc/i_dm_top.i_dm_top/_4829_/A (sg13g2_nor2_1)
    12    0.04    0.33    0.28    0.93 ^ i_croc_soc/i_croc/i_dm_top.i_dm_top/_4829_/Y (sg13g2_nor2_1)
                                         i_croc_soc/i_croc/i_dm_top.i_dm_top/_0600_ (net)
                  0.33    0.00    0.93 ^ i_croc_soc/i_croc/i_dm_top.i_dm_top/_7691_/B (sg13g2_nand4_1)
     3    0.01    0.17    0.23    1.16 v i_croc_soc/i_croc/i_dm_top.i_dm_top/_7691_/Y (sg13g2_nand4_1)
                                         i_croc_soc/i_croc/i_dm_top.i_dm_top/_2907_ (net)
                  0.17    0.00    1.16 v i_croc_soc/i_croc/i_dm_top.i_dm_top/_7693_/A2 (sg13g2_o21ai_1)
    64    0.21    2.05    1.57    2.73 ^ i_croc_soc/i_croc/i_dm_top.i_dm_top/_7693_/Y (sg13g2_o21ai_1)
                                         i_croc_soc/i_croc/i_dm_top.i_dm_top/_2909_ (net)
                  2.05    0.00    2.73 ^ i_croc_soc/i_croc/i_dm_top.i_dm_top/_7726_/B (sg13g2_nand4_1)
     1    0.00    0.27    0.32    3.05 v i_croc_soc/i_croc/i_dm_top.i_dm_top/_7726_/Y (sg13g2_nand4_1)
                                         i_croc_soc/i_croc/i_dm_top.i_dm_top/_2941_ (net)
                  0.27    0.00    3.05 v i_croc_soc/i_croc/i_dm_top.i_dm_top/_7727_/B1 (sg13g2_o21ai_1)
     1    0.00    0.18    0.08    3.13 ^ i_croc_soc/i_croc/i_dm_top.i_dm_top/_7727_/Y (sg13g2_o21ai_1)
                                         i_croc_soc/i_croc/i_dm_top.i_dm_top/_0452_ (net)
                  0.18    0.00    3.13 ^ i_croc_soc/i_croc/i_dm_top.i_dm_top/i_dm_csrs.sbdata_o_10__reg/D (sg13g2_dfrbp_1)
                                  3.13   data arrival time

                          4.38    4.38   max_delay
                         -0.13    4.24   library setup time
                                  4.24   data required time
-----------------------------------------------------------------------------
                                  4.24   data required time
                                 -3.13   data arrival time
-----------------------------------------------------------------------------
                                  1.11   slack (MET)


Startpoint: i_croc_soc/i_croc/i_dmi_jtag/td_o_reg
            (rising edge-triggered flip-flop clocked by clk_jtg')
Endpoint: jtag_tdo_o (output port clocked by clk_jtg)
Path Group: clk_jtg
Path Type: max
Corner: tt

Fanout     Cap    Slew   Delay    Time   Description
-----------------------------------------------------------------------------
                  0.20   10.00   10.00   clock clk_jtg' (rise edge)
                          0.00   10.00   clock network delay (ideal)
                  0.20    0.00   10.00 ^ i_croc_soc/i_croc/i_dmi_jtag/td_o_reg/CLK (sg13g2_dfrbp_1)
     1    0.04    0.17    0.37   10.37 ^ i_croc_soc/i_croc/i_dmi_jtag/td_o_reg/Q (sg13g2_dfrbp_1)
                                         soc_jtag_tdo_o (net)
                  0.23    0.00   10.37 ^ pad_jtag_tdo_o/c2p (sg13g2_IOPadOut16mA)
     1   15.00    3.55    3.21   13.58 ^ pad_jtag_tdo_o/pad (sg13g2_IOPadOut16mA)
                                         jtag_tdo_o (net)
                  2.66    0.00   13.58 ^ jtag_tdo_o (out)
                                 13.58   data arrival time

                  0.20   20.00   20.00   clock clk_jtg (rise edge)
                          0.00   20.00   clock network delay (ideal)
                         -0.10   19.90   clock uncertainty
                          0.00   19.90   clock reconvergence pessimism
                         -5.00   14.90   output external delay
                                 14.90   data required time
-----------------------------------------------------------------------------
                                 14.90   data required time
                                -13.58   data arrival time
-----------------------------------------------------------------------------
                                  1.32   slack (MET)


Startpoint: i_croc_soc/i_croc/i_timer
            (rising edge-triggered flip-flop clocked by clk_sys)
Endpoint: i_croc_soc/i_croc/i_timer
          (rising edge-triggered flip-flop clocked by clk_sys)
Path Group: clk_sys
Path Type: max
Corner: tt

Fanout     Cap    Slew   Delay    Time   Description
-----------------------------------------------------------------------------
                  0.20    0.00    0.00   clock clk_sys (rise edge)
                          0.00    0.00   clock network delay (ideal)
                  0.20    0.00    0.00 ^ i_croc_soc/i_croc/i_timer/clk_i (timer_unit)
     1    0.03    0.15    2.20    2.20 ^ i_croc_soc/i_croc/i_timer/irq_lo_o (timer_unit)
                                         i_croc_soc/i_croc/timer0_irq0 (net)
                  0.15    0.00    2.20 ^ i_croc_soc/i_croc/i_core_wrap/timer0_irq_i (core_wrap)
     3    0.02    0.06    1.94    4.14 v i_croc_soc/i_croc/i_core_wrap/instr_addr_o[22] (core_wrap)
                                         i_croc_soc/i_croc/core_instr_obi_req_62_ (net)
                  0.06    0.00    4.14 v i_croc_soc/i_croc/_3552_/B (sg13g2_or4_1)
     1    0.00    0.04    0.20    4.34 v i_croc_soc/i_croc/_3552_/X (sg13g2_or4_1)
                                         i_croc_soc/i_croc/_0270_ (net)
                  0.04    0.00    4.34 v i_croc_soc/i_croc/_3553_/C (sg13g2_nor3_1)
     3    0.01    0.16    0.14    4.48 ^ i_croc_soc/i_croc/_3553_/Y (sg13g2_nor3_1)
                                         i_croc_soc/i_croc/_0271_ (net)
                  0.16    0.00    4.48 ^ i_croc_soc/i_croc/_3559_/A (sg13g2_and4_1)
     7    0.02    0.10    0.24    4.72 ^ i_croc_soc/i_croc/_3559_/X (sg13g2_and4_1)
                                         i_croc_soc/i_croc/_0277_ (net)
                  0.10    0.00    4.72 ^ i_croc_soc/i_croc/_3566_/C (sg13g2_nor3_1)
     1    0.01    0.08    0.06    4.78 v i_croc_soc/i_croc/_3566_/Y (sg13g2_nor3_1)
                                         i_croc_soc/i_croc/_0284_ (net)
                  0.08    0.00    4.78 v i_croc_soc/i_croc/_3589_/C (sg13g2_nor4_2)
     5    0.01    0.18    0.19    4.97 ^ i_croc_soc/i_croc/_3589_/Y (sg13g2_nor4_2)
                                         i_croc_soc/i_croc/_0306_ (net)
                  0.18    0.00    4.97 ^ i_croc_soc/i_croc/_3698_/B (sg13g2_nor4_1)
     1    0.01    0.06    0.10    5.07 v i_croc_soc/i_croc/_3698_/Y (sg13g2_nor4_1)
                                         i_croc_soc/i_croc/_0413_ (net)
                  0.06    0.00    5.07 v i_croc_soc/i_croc/_3700_/C (sg13g2_nor4_2)
    36    0.14    1.23    0.95    6.03 ^ i_croc_soc/i_croc/_3700_/Y (sg13g2_nor4_2)
                                         i_croc_soc/i_croc/_0415_ (net)
                  1.23    0.00    6.03 ^ i_croc_soc/i_croc/_3724_/B_N (sg13g2_nor2b_1)
     2    0.01    0.09    0.28    6.31 ^ i_croc_soc/i_croc/_3724_/Y (sg13g2_nor2b_1)
                                         i_croc_soc/i_croc/_0439_ (net)
                  0.09    0.00    6.31 ^ i_croc_soc/i_croc/_3763_/A2 (sg13g2_a22oi_1)
     3    0.01    0.09    0.12    6.43 v i_croc_soc/i_croc/_3763_/Y (sg13g2_a22oi_1)
                                         i_croc_soc/i_croc/_0478_ (net)
                  0.09    0.00    6.43 v i_croc_soc/i_croc/_3768_/A1 (sg13g2_o21ai_1)
     1    0.00    0.07    0.11    6.54 ^ i_croc_soc/i_croc/_3768_/Y (sg13g2_o21ai_1)
                                         i_croc_soc/i_croc/_0483_ (net)
                  0.07    0.00    6.54 ^ i_croc_soc/i_croc/_3769_/B (sg13g2_nand2_1)
     1    0.00    0.05    0.06    6.60 v i_croc_soc/i_croc/_3769_/Y (sg13g2_nand2_1)
                                         i_croc_soc/i_croc/_0484_ (net)
                  0.05    0.00    6.60 v i_croc_soc/i_croc/_3770_/B1 (sg13g2_a21oi_1)
     9    0.03    0.26    0.22    6.82 ^ i_croc_soc/i_croc/_3770_/Y (sg13g2_a21oi_1)
                                         i_croc_soc/i_croc/_0485_ (net)
                  0.26    0.00    6.82 ^ i_croc_soc/i_croc/_3771_/B (sg13g2_xnor2_1)
     1    0.00    0.13    0.10    6.92 v i_croc_soc/i_croc/_3771_/Y (sg13g2_xnor2_1)
                                         i_croc_soc/i_croc/_0486_ (net)
                  0.13    0.00    6.92 v i_croc_soc/i_croc/_3811_/A (sg13g2_or4_1)
     3    0.01    0.06    0.25    7.17 v i_croc_soc/i_croc/_3811_/X (sg13g2_or4_1)
                                         i_croc_soc/i_croc/_0526_ (net)
                  0.06    0.00    7.17 v i_croc_soc/i_croc/_3812_/B (sg13g2_nand2_1)
     5    0.02    0.09    0.09    7.26 ^ i_croc_soc/i_croc/_3812_/Y (sg13g2_nand2_1)
                                         i_croc_soc/i_croc/_0527_ (net)
                  0.09    0.00    7.26 ^ i_croc_soc/i_croc/_4483_/B (sg13g2_nand3_1)
    69    0.20    1.59    1.25    8.51 v i_croc_soc/i_croc/_4483_/Y (sg13g2_nand3_1)
                                         i_croc_soc/i_croc/_1030_ (net)
                  1.59    0.00    8.51 v i_croc_soc/i_croc/_4618_/B (sg13g2_nor2_1)
     1    0.07    0.89    1.02    9.54 ^ i_croc_soc/i_croc/_4618_/Y (sg13g2_nor2_1)
                                         i_croc_soc/i_croc/all_periph_obi_req_415_ (net)
                  0.89    0.00    9.54 ^ i_croc_soc/i_croc/i_timer/addr_i[3] (timer_unit)
                                  9.54   data arrival time

                  0.20   12.50   12.50   clock clk_sys (rise edge)
                          0.00   12.50   clock network delay (ideal)
                         -0.10   12.40   clock uncertainty
                          0.00   12.40   clock reconvergence pessimism
                                 12.40 ^ i_croc_soc/i_croc/i_timer/clk_i (timer_unit)
                         -2.54    9.86   library setup time
                                  9.86   data required time
-----------------------------------------------------------------------------
                                  9.86   data required time
                                 -9.54   data arrival time
-----------------------------------------------------------------------------
                                  0.32   slack (MET)



==========================================================================
02_croc.gpl1 report_checks -unconstrained
--------------------------------------------------------------------------
Startpoint: i_croc_soc/i_rstgen.i_rstgen_bypass.synch_regs_q_3__reg
            (rising edge-triggered flip-flop clocked by clk_sys)
Endpoint: i_croc_soc/i_croc/i_uart/i_apb_uart.UART_BG16.BAUDTICK_reg
          (recovery check against rising-edge clock clk_sys)
Path Group: asynchronous
Path Type: max
Corner: tt

Fanout     Cap    Slew   Delay    Time   Description
-----------------------------------------------------------------------------
                  0.20    0.00    0.00   clock clk_sys (rise edge)
                          0.00    0.00   clock network delay (ideal)
                  0.20    0.00    0.00 ^ i_croc_soc/i_rstgen.i_rstgen_bypass.synch_regs_q_3__reg/CLK (sg13g2_dfrbp_1)
     2    0.01    0.04    0.28    0.28 ^ i_croc_soc/i_rstgen.i_rstgen_bypass.synch_regs_q_3__reg/Q (sg13g2_dfrbp_1)
                                         i_croc_soc/i_rstgen.i_rstgen_bypass.synch_regs_q_3_ (net)
                  0.04    0.00    0.28 ^ i_croc_soc/i_rstgen.i_rstgen_bypass.i_tc_clk_mux2_rst_no/i_mux/A0 (sg13g2_mux2_2)
     3    0.02    0.06    0.14    0.42 ^ i_croc_soc/i_rstgen.i_rstgen_bypass.i_tc_clk_mux2_rst_no/i_mux/X (sg13g2_mux2_2)
                                         i_croc_soc/i_rstgen.i_rstgen_bypass.rst_no (net)
                  0.06    0.00    0.42 ^ max_cap1563/A (sg13g2_buf_1)
     1    0.00    0.02    0.07    0.50 ^ max_cap1563/X (sg13g2_buf_1)
                                         net1563 (net)
                  0.02    0.00    0.50 ^ fanout1559/A (sg13g2_buf_2)
     3    0.02    0.06    0.09    0.59 ^ fanout1559/X (sg13g2_buf_2)
                                         net1559 (net)
                  0.06    0.00    0.59 ^ max_cap1561/A (sg13g2_buf_1)
     2    0.00    0.03    0.08    0.66 ^ max_cap1561/X (sg13g2_buf_1)
                                         net1561 (net)
                  0.03    0.00    0.66 ^ fanout1557/A (sg13g2_buf_1)
     8    0.02    0.09    0.11    0.77 ^ fanout1557/X (sg13g2_buf_1)
                                         net1557 (net)
                  0.09    0.00    0.77 ^ fanout1555/A (sg13g2_buf_1)
     8    0.02    0.09    0.13    0.90 ^ fanout1555/X (sg13g2_buf_1)
                                         net1555 (net)
                  0.09    0.00    0.90 ^ fanout1464/A (sg13g2_buf_1)
     8    0.05    0.22    0.23    1.13 ^ fanout1464/X (sg13g2_buf_1)
                                         net1464 (net)
                  0.22    0.00    1.13 ^ i_croc_soc/i_croc/i_uart/i_apb_uart.UART_BG16.BAUDTICK_reg/RESET_B (sg13g2_dfrbp_1)
                                  1.13   data arrival time

                  0.20   12.50   12.50   clock clk_sys (rise edge)
                          0.00   12.50   clock network delay (ideal)
                         -0.10   12.40   clock uncertainty
                          0.00   12.40   clock reconvergence pessimism
                                 12.40 ^ i_croc_soc/i_croc/i_uart/i_apb_uart.UART_BG16.BAUDTICK_reg/CLK (sg13g2_dfrbp_1)
                         -0.15   12.25   library recovery time
                                 12.25   data required time
-----------------------------------------------------------------------------
                                 12.25   data required time
                                 -1.13   data arrival time
-----------------------------------------------------------------------------
                                 11.12   slack (MET)


Startpoint: i_croc_soc/i_croc/i_dmi_jtag/i_dmi_cdc.i_cdc_req/i_dst/async_ack_o_reg
            (rising edge-triggered flip-flop clocked by clk_sys)
Endpoint: i_croc_soc/i_croc/i_dm_top.i_dm_top/i_dm_csrs.sbdata_o_10__reg
          (rising edge-triggered flip-flop clocked by clk_sys)
Path Group: path delay
Path Type: max
Corner: tt

Fanout     Cap    Slew   Delay    Time   Description
-----------------------------------------------------------------------------
                  0.20    0.00    0.00 ^ i_croc_soc/i_croc/i_dmi_jtag/i_dmi_cdc.i_cdc_req/i_dst/async_ack_o_reg/CLK (sg13g2_dfrbp_1)
     6    0.02    0.09    0.32    0.32 ^ i_croc_soc/i_croc/i_dmi_jtag/i_dmi_cdc.i_cdc_req/i_dst/async_ack_o_reg/Q (sg13g2_dfrbp_1)
                                         i_croc_soc/i_croc/i_dmi_jtag/i_dmi_cdc.i_cdc_req/async_ack (net)
                  0.09    0.00    0.32 ^ i_croc_soc/i_croc/i_dmi_jtag/i_dmi_cdc.i_cdc_req/i_dst/_199_/A (sg13g2_xor2_1)
     1    0.00    0.05    0.12    0.44 ^ i_croc_soc/i_croc/i_dmi_jtag/i_dmi_cdc.i_cdc_req/i_dst/_199_/X (sg13g2_xor2_1)
                                         i_croc_soc/i_croc/i_dmi_jtag/i_dmi_cdc.i_cdc_req/s_dst_valid (net)
                  0.05    0.00    0.44 ^ i_croc_soc/i_croc/i_dmi_jtag/i_dmi_cdc.i_cdc_req/_5_/B_N (sg13g2_nor2b_1)
     2    0.01    0.08    0.11    0.55 ^ i_croc_soc/i_croc/i_dmi_jtag/i_dmi_cdc.i_cdc_req/_5_/Y (sg13g2_nor2b_1)
                                         i_croc_soc/i_croc/dmi_req_valid (net)
                  0.08    0.00    0.55 ^ i_croc_soc/i_croc/i_dm_top.i_dm_top/_4827_/A (sg13g2_nand2_1)
     4    0.01    0.08    0.10    0.65 v i_croc_soc/i_croc/i_dm_top.i_dm_top/_4827_/Y (sg13g2_nand2_1)
                                         i_croc_soc/i_croc/i_dm_top.i_dm_top/_0598_ (net)
                  0.08    0.00    0.65 v i_croc_soc/i_croc/i_dm_top.i_dm_top/_4829_/A (sg13g2_nor2_1)
    12    0.04    0.33    0.28    0.93 ^ i_croc_soc/i_croc/i_dm_top.i_dm_top/_4829_/Y (sg13g2_nor2_1)
                                         i_croc_soc/i_croc/i_dm_top.i_dm_top/_0600_ (net)
                  0.33    0.00    0.93 ^ i_croc_soc/i_croc/i_dm_top.i_dm_top/_7691_/B (sg13g2_nand4_1)
     3    0.01    0.17    0.23    1.16 v i_croc_soc/i_croc/i_dm_top.i_dm_top/_7691_/Y (sg13g2_nand4_1)
                                         i_croc_soc/i_croc/i_dm_top.i_dm_top/_2907_ (net)
                  0.17    0.00    1.16 v i_croc_soc/i_croc/i_dm_top.i_dm_top/_7693_/A2 (sg13g2_o21ai_1)
    64    0.21    2.05    1.57    2.73 ^ i_croc_soc/i_croc/i_dm_top.i_dm_top/_7693_/Y (sg13g2_o21ai_1)
                                         i_croc_soc/i_croc/i_dm_top.i_dm_top/_2909_ (net)
                  2.05    0.00    2.73 ^ i_croc_soc/i_croc/i_dm_top.i_dm_top/_7726_/B (sg13g2_nand4_1)
     1    0.00    0.27    0.32    3.05 v i_croc_soc/i_croc/i_dm_top.i_dm_top/_7726_/Y (sg13g2_nand4_1)
                                         i_croc_soc/i_croc/i_dm_top.i_dm_top/_2941_ (net)
                  0.27    0.00    3.05 v i_croc_soc/i_croc/i_dm_top.i_dm_top/_7727_/B1 (sg13g2_o21ai_1)
     1    0.00    0.18    0.08    3.13 ^ i_croc_soc/i_croc/i_dm_top.i_dm_top/_7727_/Y (sg13g2_o21ai_1)
                                         i_croc_soc/i_croc/i_dm_top.i_dm_top/_0452_ (net)
                  0.18    0.00    3.13 ^ i_croc_soc/i_croc/i_dm_top.i_dm_top/i_dm_csrs.sbdata_o_10__reg/D (sg13g2_dfrbp_1)
                                  3.13   data arrival time

                          4.38    4.38   max_delay
                         -0.13    4.24   library setup time
                                  4.24   data required time
-----------------------------------------------------------------------------
                                  4.24   data required time
                                 -3.13   data arrival time
-----------------------------------------------------------------------------
                                  1.11   slack (MET)


Startpoint: i_croc_soc/i_croc/i_dmi_jtag/td_o_reg
            (rising edge-triggered flip-flop clocked by clk_jtg')
Endpoint: jtag_tdo_o (output port clocked by clk_jtg)
Path Group: clk_jtg
Path Type: max
Corner: tt

Fanout     Cap    Slew   Delay    Time   Description
-----------------------------------------------------------------------------
                  0.20   10.00   10.00   clock clk_jtg' (rise edge)
                          0.00   10.00   clock network delay (ideal)
                  0.20    0.00   10.00 ^ i_croc_soc/i_croc/i_dmi_jtag/td_o_reg/CLK (sg13g2_dfrbp_1)
     1    0.04    0.17    0.37   10.37 ^ i_croc_soc/i_croc/i_dmi_jtag/td_o_reg/Q (sg13g2_dfrbp_1)
                                         soc_jtag_tdo_o (net)
                  0.23    0.00   10.37 ^ pad_jtag_tdo_o/c2p (sg13g2_IOPadOut16mA)
     1   15.00    3.55    3.21   13.58 ^ pad_jtag_tdo_o/pad (sg13g2_IOPadOut16mA)
                                         jtag_tdo_o (net)
                  2.66    0.00   13.58 ^ jtag_tdo_o (out)
                                 13.58   data arrival time

                  0.20   20.00   20.00   clock clk_jtg (rise edge)
                          0.00   20.00   clock network delay (ideal)
                         -0.10   19.90   clock uncertainty
                          0.00   19.90   clock reconvergence pessimism
                         -5.00   14.90   output external delay
                                 14.90   data required time
-----------------------------------------------------------------------------
                                 14.90   data required time
                                -13.58   data arrival time
-----------------------------------------------------------------------------
                                  1.32   slack (MET)


Startpoint: i_croc_soc/i_croc/i_timer
            (rising edge-triggered flip-flop clocked by clk_sys)
Endpoint: i_croc_soc/i_croc/i_timer
          (rising edge-triggered flip-flop clocked by clk_sys)
Path Group: clk_sys
Path Type: max
Corner: tt

Fanout     Cap    Slew   Delay    Time   Description
-----------------------------------------------------------------------------
                  0.20    0.00    0.00   clock clk_sys (rise edge)
                          0.00    0.00   clock network delay (ideal)
                  0.20    0.00    0.00 ^ i_croc_soc/i_croc/i_timer/clk_i (timer_unit)
     1    0.03    0.15    2.20    2.20 ^ i_croc_soc/i_croc/i_timer/irq_lo_o (timer_unit)
                                         i_croc_soc/i_croc/timer0_irq0 (net)
                  0.15    0.00    2.20 ^ i_croc_soc/i_croc/i_core_wrap/timer0_irq_i (core_wrap)
     3    0.02    0.06    1.94    4.14 v i_croc_soc/i_croc/i_core_wrap/instr_addr_o[22] (core_wrap)
                                         i_croc_soc/i_croc/core_instr_obi_req_62_ (net)
                  0.06    0.00    4.14 v i_croc_soc/i_croc/_3552_/B (sg13g2_or4_1)
     1    0.00    0.04    0.20    4.34 v i_croc_soc/i_croc/_3552_/X (sg13g2_or4_1)
                                         i_croc_soc/i_croc/_0270_ (net)
                  0.04    0.00    4.34 v i_croc_soc/i_croc/_3553_/C (sg13g2_nor3_1)
     3    0.01    0.16    0.14    4.48 ^ i_croc_soc/i_croc/_3553_/Y (sg13g2_nor3_1)
                                         i_croc_soc/i_croc/_0271_ (net)
                  0.16    0.00    4.48 ^ i_croc_soc/i_croc/_3559_/A (sg13g2_and4_1)
     7    0.02    0.10    0.24    4.72 ^ i_croc_soc/i_croc/_3559_/X (sg13g2_and4_1)
                                         i_croc_soc/i_croc/_0277_ (net)
                  0.10    0.00    4.72 ^ i_croc_soc/i_croc/_3566_/C (sg13g2_nor3_1)
     1    0.01    0.08    0.06    4.78 v i_croc_soc/i_croc/_3566_/Y (sg13g2_nor3_1)
                                         i_croc_soc/i_croc/_0284_ (net)
                  0.08    0.00    4.78 v i_croc_soc/i_croc/_3589_/C (sg13g2_nor4_2)
     5    0.01    0.18    0.19    4.97 ^ i_croc_soc/i_croc/_3589_/Y (sg13g2_nor4_2)
                                         i_croc_soc/i_croc/_0306_ (net)
                  0.18    0.00    4.97 ^ i_croc_soc/i_croc/_3698_/B (sg13g2_nor4_1)
     1    0.01    0.06    0.10    5.07 v i_croc_soc/i_croc/_3698_/Y (sg13g2_nor4_1)
                                         i_croc_soc/i_croc/_0413_ (net)
                  0.06    0.00    5.07 v i_croc_soc/i_croc/_3700_/C (sg13g2_nor4_2)
    36    0.14    1.23    0.95    6.03 ^ i_croc_soc/i_croc/_3700_/Y (sg13g2_nor4_2)
                                         i_croc_soc/i_croc/_0415_ (net)
                  1.23    0.00    6.03 ^ i_croc_soc/i_croc/_3724_/B_N (sg13g2_nor2b_1)
     2    0.01    0.09    0.28    6.31 ^ i_croc_soc/i_croc/_3724_/Y (sg13g2_nor2b_1)
                                         i_croc_soc/i_croc/_0439_ (net)
                  0.09    0.00    6.31 ^ i_croc_soc/i_croc/_3763_/A2 (sg13g2_a22oi_1)
     3    0.01    0.09    0.12    6.43 v i_croc_soc/i_croc/_3763_/Y (sg13g2_a22oi_1)
                                         i_croc_soc/i_croc/_0478_ (net)
                  0.09    0.00    6.43 v i_croc_soc/i_croc/_3768_/A1 (sg13g2_o21ai_1)
     1    0.00    0.07    0.11    6.54 ^ i_croc_soc/i_croc/_3768_/Y (sg13g2_o21ai_1)
                                         i_croc_soc/i_croc/_0483_ (net)
                  0.07    0.00    6.54 ^ i_croc_soc/i_croc/_3769_/B (sg13g2_nand2_1)
     1    0.00    0.05    0.06    6.60 v i_croc_soc/i_croc/_3769_/Y (sg13g2_nand2_1)
                                         i_croc_soc/i_croc/_0484_ (net)
                  0.05    0.00    6.60 v i_croc_soc/i_croc/_3770_/B1 (sg13g2_a21oi_1)
     9    0.03    0.26    0.22    6.82 ^ i_croc_soc/i_croc/_3770_/Y (sg13g2_a21oi_1)
                                         i_croc_soc/i_croc/_0485_ (net)
                  0.26    0.00    6.82 ^ i_croc_soc/i_croc/_3771_/B (sg13g2_xnor2_1)
     1    0.00    0.13    0.10    6.92 v i_croc_soc/i_croc/_3771_/Y (sg13g2_xnor2_1)
                                         i_croc_soc/i_croc/_0486_ (net)
                  0.13    0.00    6.92 v i_croc_soc/i_croc/_3811_/A (sg13g2_or4_1)
     3    0.01    0.06    0.25    7.17 v i_croc_soc/i_croc/_3811_/X (sg13g2_or4_1)
                                         i_croc_soc/i_croc/_0526_ (net)
                  0.06    0.00    7.17 v i_croc_soc/i_croc/_3812_/B (sg13g2_nand2_1)
     5    0.02    0.09    0.09    7.26 ^ i_croc_soc/i_croc/_3812_/Y (sg13g2_nand2_1)
                                         i_croc_soc/i_croc/_0527_ (net)
                  0.09    0.00    7.26 ^ i_croc_soc/i_croc/_4483_/B (sg13g2_nand3_1)
    69    0.20    1.59    1.25    8.51 v i_croc_soc/i_croc/_4483_/Y (sg13g2_nand3_1)
                                         i_croc_soc/i_croc/_1030_ (net)
                  1.59    0.00    8.51 v i_croc_soc/i_croc/_4618_/B (sg13g2_nor2_1)
     1    0.07    0.89    1.02    9.54 ^ i_croc_soc/i_croc/_4618_/Y (sg13g2_nor2_1)
                                         i_croc_soc/i_croc/all_periph_obi_req_415_ (net)
                  0.89    0.00    9.54 ^ i_croc_soc/i_croc/i_timer/addr_i[3] (timer_unit)
                                  9.54   data arrival time

                  0.20   12.50   12.50   clock clk_sys (rise edge)
                          0.00   12.50   clock network delay (ideal)
                         -0.10   12.40   clock uncertainty
                          0.00   12.40   clock reconvergence pessimism
                                 12.40 ^ i_croc_soc/i_croc/i_timer/clk_i (timer_unit)
                         -2.54    9.86   library setup time
                                  9.86   data required time
-----------------------------------------------------------------------------
                                  9.86   data required time
                                 -9.54   data arrival time
-----------------------------------------------------------------------------
                                  0.32   slack (MET)



==========================================================================
02_croc.gpl1 report_check_types -max_slew -max_cap -max_fanout -violators
--------------------------------------------------------------------------

==========================================================================
02_croc.gpl1 max_slew_check_slack
--------------------------------------------------------------------------
-2.4305672645568848

==========================================================================
02_croc.gpl1 max_slew_check_limit
--------------------------------------------------------------------------
1.2000000476837158

==========================================================================
02_croc.gpl1 max_slew_check_slack_limit
--------------------------------------------------------------------------
-2.0255

==========================================================================
02_croc.gpl1 max_fanout_check_slack
--------------------------------------------------------------------------
-107.0

==========================================================================
02_croc.gpl1 max_fanout_check_limit
--------------------------------------------------------------------------
8.0

==========================================================================
02_croc.gpl1 max_fanout_check_slack_limit
--------------------------------------------------------------------------
-13.3750

==========================================================================
02_croc.gpl1 max_capacitance_check_slack
--------------------------------------------------------------------------
-11.160959243774414

==========================================================================
02_croc.gpl1 max_capacitance_check_limit
--------------------------------------------------------------------------
4.21304988861084

==========================================================================
02_croc.gpl1 max_capacitance_check_slack_limit
--------------------------------------------------------------------------
-2.6491

==========================================================================
02_croc.gpl1 max_slew_violation_count
--------------------------------------------------------------------------
max slew violation count 81

==========================================================================
02_croc.gpl1 max_fanout_violation_count
--------------------------------------------------------------------------
max fanout violation count 503

==========================================================================
02_croc.gpl1 max_cap_violation_count
--------------------------------------------------------------------------
max cap violation count 199

==========================================================================
02_croc.gpl1 setup_violation_count
--------------------------------------------------------------------------
setup violation count 292

==========================================================================
02_croc.gpl1 hold_violation_count
--------------------------------------------------------------------------
hold violation count 154

==========================================================================
02_croc.gpl1 critical path delay
--------------------------------------------------------------------------
9.5362

==========================================================================
02_croc.gpl1 critical path slack
--------------------------------------------------------------------------
0.3198

==========================================================================
02_croc.gpl1 slack div critical path delay
--------------------------------------------------------------------------
3.353537

==========================================================================
02_croc.gpl1 report_power tt
--------------------------------------------------------------------------
Group                  Internal  Switching    Leakage      Total
                          Power      Power      Power      Power (Watts)
----------------------------------------------------------------
Sequential             1.28e-02   6.49e-05   1.48e-06   1.29e-02  50.3%
Combinational          1.04e-02   1.81e-04   2.42e-06   1.06e-02  41.2%
Clock                  1.29e-06   6.78e-07   2.94e-10   1.97e-06   0.0%
Macro                  0.00e+00   0.00e+00   0.00e+00   0.00e+00   0.0%
Pad                    9.64e-05   2.10e-03   1.08e-07   2.20e-03   8.6%
----------------------------------------------------------------
Total                  2.33e-02   2.35e-03   4.00e-06   2.57e-02 100.0%
                          90.8%       9.1%       0.0%

==========================================================================
02_croc.gpl1 report_design_area
--------------------------------------------------------------------------

==========================================================================
02_croc.gpl1 area by hierarchy
--------------------------------------------------------------------------

--------------------------------------------------------------------------------
Design Area Summary
--------------------------------------------------------------------------------
Die Area:              3240000.0 um2
Core Area:             1874543.7312 um2
Total Area:            2501028.039 um2
Total Active Area:     1021028.0390000001 um2

Core Utilization:      0.5446808319304363
Std Cell Utilization:  0.27286269919368655

--------------------------------------------------------------------------------
Hierarchical Area Report
--------------------------------------------------------------------------------
                                                                                Global Area (um^2)                                                              Global Instances                                                                Local Area (um^2)                                                               Local Instances
                                                                                ------------------------------------------------------------------------------- ------------------------------------------------------------------------------- ------------------------------------------------------------------------------- ----------------------------------------------------------------------------
Hierarchy Name                                                                  Total           StdCell         Macro           Cover           Pad             Total           StdCell         Macro           Cover           Pad             Total           StdCell         Macro           Cover           Pad             Total           StdCell         Macro           Cover           Pad             
-----------------------------------------------------------------------------------------------------------------------------------------------------------------------------------------------------------------------------------------------------------------------------------------------------------------------------------------------------------------------------------------------------------
<top>                                                                           2501028.039     320286.960      700741.079      313600.000      1166400.000     18720           18396           4               64              256             1487673.098     7673.098        0.000           313600.000      1166400.000     1228            908             0               64              256             
  i_croc_soc                                                                    1013354.941     312613.862      700741.079      0.000           0.000           17492           17488           4               0               0               195.955         195.955         0.000           0.000           0.000           5               5               0               0               0               
    i_croc                                                                      1012211.869     311470.790      700741.079      0.000           0.000           17433           17429           4               0               0               559431.562      45051.552       514380.010      0.000           0.000           4148            4146            2               0               0               
      gen_sram_bank\[0\].i_sram                                                 94942.317       1761.782        93180.534       0.000           0.000           186             185             1               0               0               94942.317       1761.782        93180.534       0.000           0.000           186             185             1               0               0               
      gen_sram_bank\[1\].i_sram                                                 94940.502       1759.968        93180.534       0.000           0.000           186             185             1               0               0               94940.502       1759.968        93180.534       0.000           0.000           186             185             1               0               0               
      i_dm_top.i_dm_top                                                         71872.013       71872.013       0.000           0.000           0.000           4661            4661            0               0               0               71872.013       71872.013       0.000           0.000           0.000           4661            4661            0               0               0               
      i_dmi_jtag                                                                39940.387       39940.387       0.000           0.000           0.000           2344            2344            0               0               0               16786.829       16786.829       0.000           0.000           0.000           1164            1164            0               0               0               
        i_dmi_cdc.i_cdc_req                                                     12194.582       12194.582       0.000           0.000           0.000           617             617             0               0               0               224.986         224.986         0.000           0.000           0.000           8               8               0               0               0               
          i_cdc_reset_ctrlr                                                     3926.362        3926.362        0.000           0.000           0.000           254             254             0               0               0               0.000           0.000           0.000           0.000           0.000           0               0               0               0               0               
            i_cdc_reset_ctrlr_half_a                                            1983.139        1983.139        0.000           0.000           0.000           127             127             0               0               0               1036.022        1036.022        0.000           0.000           0.000           79              79              0               0               0               
              i_state_transition_cdc_dst                                        368.323         368.323         0.000           0.000           0.000           19              19              0               0               0               273.974         273.974         0.000           0.000           0.000           17              17              0               0               0               
                i_sync                                                          94.349          94.349          0.000           0.000           0.000           2               2               0               0               0               94.349          94.349          0.000           0.000           0.000           2               2               0               0               0               
              i_state_transition_cdc_src                                        578.794         578.794         0.000           0.000           0.000           29              29              0               0               0               484.445         484.445         0.000           0.000           0.000           27              27              0               0               0               
                i_sync                                                          94.349          94.349          0.000           0.000           0.000           2               2               0               0               0               94.349          94.349          0.000           0.000           0.000           2               2               0               0               0               
            i_cdc_reset_ctrlr_half_b                                            1943.222        1943.222        0.000           0.000           0.000           127             127             0               0               0               996.106         996.106         0.000           0.000           0.000           79              79              0               0               0               
              i_state_transition_cdc_dst                                        368.323         368.323         0.000           0.000           0.000           19              19              0               0               0               273.974         273.974         0.000           0.000           0.000           17              17              0               0               0               
                i_sync                                                          94.349          94.349          0.000           0.000           0.000           2               2               0               0               0               94.349          94.349          0.000           0.000           0.000           2               2               0               0               0               
              i_state_transition_cdc_src                                        578.794         578.794         0.000           0.000           0.000           29              29              0               0               0               484.445         484.445         0.000           0.000           0.000           27              27              0               0               0               
                i_sync                                                          94.349          94.349          0.000           0.000           0.000           2               2               0               0               0               94.349          94.349          0.000           0.000           0.000           2               2               0               0               0               
          i_dst                                                                 4049.741        4049.741        0.000           0.000           0.000           178             178             0               0               0               3908.218        3908.218        0.000           0.000           0.000           175             175             0               0               0               
            i_sync                                                              141.523         141.523         0.000           0.000           0.000           3               3               0               0               0               141.523         141.523         0.000           0.000           0.000           3               3               0               0               0               
          i_src                                                                 3993.494        3993.494        0.000           0.000           0.000           177             177             0               0               0               3851.971        3851.971        0.000           0.000           0.000           174             174             0               0               0               
            i_sync                                                              141.523         141.523         0.000           0.000           0.000           3               3               0               0               0               141.523         141.523         0.000           0.000           0.000           3               3               0               0               0               
        i_dmi_cdc.i_cdc_resp                                                    10928.131       10928.131       0.000           0.000           0.000           560             560             0               0               0               232.243         232.243         0.000           0.000           0.000           9               9               0               0               0               
          i_cdc_reset_ctrlr                                                     3922.733        3922.733        0.000           0.000           0.000           252             252             0               0               0               0.000           0.000           0.000           0.000           0.000           0               0               0               0               0               
            i_cdc_reset_ctrlr_half_a                                            1990.397        1990.397        0.000           0.000           0.000           128             128             0               0               0               1043.280        1043.280        0.000           0.000           0.000           80              80              0               0               0               
              i_state_transition_cdc_dst                                        368.323         368.323         0.000           0.000           0.000           19              19              0               0               0               273.974         273.974         0.000           0.000           0.000           17              17              0               0               0               
                i_sync                                                          94.349          94.349          0.000           0.000           0.000           2               2               0               0               0               94.349          94.349          0.000           0.000           0.000           2               2               0               0               0               
              i_state_transition_cdc_src                                        578.794         578.794         0.000           0.000           0.000           29              29              0               0               0               484.445         484.445         0.000           0.000           0.000           27              27              0               0               0               
                i_sync                                                          94.349          94.349          0.000           0.000           0.000           2               2               0               0               0               94.349          94.349          0.000           0.000           0.000           2               2               0               0               0               
            i_cdc_reset_ctrlr_half_b                                            1932.336        1932.336        0.000           0.000           0.000           124             124             0               0               0               985.219         985.219         0.000           0.000           0.000           76              76              0               0               0               
              i_state_transition_cdc_dst                                        368.323         368.323         0.000           0.000           0.000           19              19              0               0               0               273.974         273.974         0.000           0.000           0.000           17              17              0               0               0               
                i_sync                                                          94.349          94.349          0.000           0.000           0.000           2               2               0               0               0               94.349          94.349          0.000           0.000           0.000           2               2               0               0               0               
              i_state_transition_cdc_src                                        578.794         578.794         0.000           0.000           0.000           29              29              0               0               0               484.445         484.445         0.000           0.000           0.000           27              27              0               0               0               
                i_sync                                                          94.349          94.349          0.000           0.000           0.000           2               2               0               0               0               94.349          94.349          0.000           0.000           0.000           2               2               0               0               0               
          i_dst                                                                 3414.701        3414.701        0.000           0.000           0.000           150             150             0               0               0               3273.178        3273.178        0.000           0.000           0.000           147             147             0               0               0               
            i_sync                                                              141.523         141.523         0.000           0.000           0.000           3               3               0               0               0               141.523         141.523         0.000           0.000           0.000           3               3               0               0               0               
          i_src                                                                 3358.454        3358.454        0.000           0.000           0.000           149             149             0               0               0               3216.931        3216.931        0.000           0.000           0.000           146             146             0               0               0               
            i_sync                                                              141.523         141.523         0.000           0.000           0.000           3               3               0               0               0               141.523         141.523         0.000           0.000           0.000           3               3               0               0               0               
        i_dmi_jtag_tap.i_dft_tck_mux                                            25.402          25.402          0.000           0.000           0.000           2               2               0               0               0               25.402          25.402          0.000           0.000           0.000           2               2               0               0               0               
        i_dmi_jtag_tap.i_tck_inv                                                5.443           5.443           0.000           0.000           0.000           1               1               0               0               0               5.443           5.443           0.000           0.000           0.000           1               1               0               0               0               
      i_gpio                                                                    25748.150       25748.150       0.000           0.000           0.000           1253            1253            0               0               0               22728.989       22728.989       0.000           0.000           0.000           1189            1189            0               0               0               
        gen_gpios\[0\].i_sync                                                   94.349          94.349          0.000           0.000           0.000           2               2               0               0               0               94.349          94.349          0.000           0.000           0.000           2               2               0               0               0               
        gen_gpios\[10\].i_sync                                                  94.349          94.349          0.000           0.000           0.000           2               2               0               0               0               94.349          94.349          0.000           0.000           0.000           2               2               0               0               0               
        gen_gpios\[11\].i_sync                                                  94.349          94.349          0.000           0.000           0.000           2               2               0               0               0               94.349          94.349          0.000           0.000           0.000           2               2               0               0               0               
        gen_gpios\[12\].i_sync                                                  94.349          94.349          0.000           0.000           0.000           2               2               0               0               0               94.349          94.349          0.000           0.000           0.000           2               2               0               0               0               
        gen_gpios\[13\].i_sync                                                  94.349          94.349          0.000           0.000           0.000           2               2               0               0               0               94.349          94.349          0.000           0.000           0.000           2               2               0               0               0               
        gen_gpios\[14\].i_sync                                                  94.349          94.349          0.000           0.000           0.000           2               2               0               0               0               94.349          94.349          0.000           0.000           0.000           2               2               0               0               0               
        gen_gpios\[15\].i_sync                                                  94.349          94.349          0.000           0.000           0.000           2               2               0               0               0               94.349          94.349          0.000           0.000           0.000           2               2               0               0               0               
        gen_gpios\[16\].i_sync                                                  94.349          94.349          0.000           0.000           0.000           2               2               0               0               0               94.349          94.349          0.000           0.000           0.000           2               2               0               0               0               
        gen_gpios\[17\].i_sync                                                  94.349          94.349          0.000           0.000           0.000           2               2               0               0               0               94.349          94.349          0.000           0.000           0.000           2               2               0               0               0               
        gen_gpios\[18\].i_sync                                                  94.349          94.349          0.000           0.000           0.000           2               2               0               0               0               94.349          94.349          0.000           0.000           0.000           2               2               0               0               0               
        gen_gpios\[19\].i_sync                                                  94.349          94.349          0.000           0.000           0.000           2               2               0               0               0               94.349          94.349          0.000           0.000           0.000           2               2               0               0               0               
        gen_gpios\[1\].i_sync                                                   94.349          94.349          0.000           0.000           0.000           2               2               0               0               0               94.349          94.349          0.000           0.000           0.000           2               2               0               0               0               
        gen_gpios\[20\].i_sync                                                  94.349          94.349          0.000           0.000           0.000           2               2               0               0               0               94.349          94.349          0.000           0.000           0.000           2               2               0               0               0               
        gen_gpios\[21\].i_sync                                                  94.349          94.349          0.000           0.000           0.000           2               2               0               0               0               94.349          94.349          0.000           0.000           0.000           2               2               0               0               0               
        gen_gpios\[22\].i_sync                                                  94.349          94.349          0.000           0.000           0.000           2               2               0               0               0               94.349          94.349          0.000           0.000           0.000           2               2               0               0               0               
        gen_gpios\[23\].i_sync                                                  94.349          94.349          0.000           0.000           0.000           2               2               0               0               0               94.349          94.349          0.000           0.000           0.000           2               2               0               0               0               
        gen_gpios\[24\].i_sync                                                  94.349          94.349          0.000           0.000           0.000           2               2               0               0               0               94.349          94.349          0.000           0.000           0.000           2               2               0               0               0               
        gen_gpios\[25\].i_sync                                                  94.349          94.349          0.000           0.000           0.000           2               2               0               0               0               94.349          94.349          0.000           0.000           0.000           2               2               0               0               0               
        gen_gpios\[26\].i_sync                                                  94.349          94.349          0.000           0.000           0.000           2               2               0               0               0               94.349          94.349          0.000           0.000           0.000           2               2               0               0               0               
        gen_gpios\[27\].i_sync                                                  94.349          94.349          0.000           0.000           0.000           2               2               0               0               0               94.349          94.349          0.000           0.000           0.000           2               2               0               0               0               
        gen_gpios\[28\].i_sync                                                  94.349          94.349          0.000           0.000           0.000           2               2               0               0               0               94.349          94.349          0.000           0.000           0.000           2               2               0               0               0               
        gen_gpios\[29\].i_sync                                                  94.349          94.349          0.000           0.000           0.000           2               2               0               0               0               94.349          94.349          0.000           0.000           0.000           2               2               0               0               0               
        gen_gpios\[2\].i_sync                                                   94.349          94.349          0.000           0.000           0.000           2               2               0               0               0               94.349          94.349          0.000           0.000           0.000           2               2               0               0               0               
        gen_gpios\[30\].i_sync                                                  94.349          94.349          0.000           0.000           0.000           2               2               0               0               0               94.349          94.349          0.000           0.000           0.000           2               2               0               0               0               
        gen_gpios\[31\].i_sync                                                  94.349          94.349          0.000           0.000           0.000           2               2               0               0               0               94.349          94.349          0.000           0.000           0.000           2               2               0               0               0               
        gen_gpios\[3\].i_sync                                                   94.349          94.349          0.000           0.000           0.000           2               2               0               0               0               94.349          94.349          0.000           0.000           0.000           2               2               0               0               0               
        gen_gpios\[4\].i_sync                                                   94.349          94.349          0.000           0.000           0.000           2               2               0               0               0               94.349          94.349          0.000           0.000           0.000           2               2               0               0               0               
        gen_gpios\[5\].i_sync                                                   94.349          94.349          0.000           0.000           0.000           2               2               0               0               0               94.349          94.349          0.000           0.000           0.000           2               2               0               0               0               
        gen_gpios\[6\].i_sync                                                   94.349          94.349          0.000           0.000           0.000           2               2               0               0               0               94.349          94.349          0.000           0.000           0.000           2               2               0               0               0               
        gen_gpios\[7\].i_sync                                                   94.349          94.349          0.000           0.000           0.000           2               2               0               0               0               94.349          94.349          0.000           0.000           0.000           2               2               0               0               0               
        gen_gpios\[8\].i_sync                                                   94.349          94.349          0.000           0.000           0.000           2               2               0               0               0               94.349          94.349          0.000           0.000           0.000           2               2               0               0               0               
        gen_gpios\[9\].i_sync                                                   94.349          94.349          0.000           0.000           0.000           2               2               0               0               0               94.349          94.349          0.000           0.000           0.000           2               2               0               0               0               
      i_soc_ctrl                                                                5617.382        5617.382        0.000           0.000           0.000           268             268             0               0               0               5617.382        5617.382        0.000           0.000           0.000           268             268             0               0               0               
      i_uart                                                                    119719.555      119719.555      0.000           0.000           0.000           4387            4387            0               0               0               119719.555      119719.555      0.000           0.000           0.000           4387            4387            0               0               0               
    i_ext_intr_sync                                                             94.349          94.349          0.000           0.000           0.000           2               2               0               0               0               94.349          94.349          0.000           0.000           0.000           2               2               0               0               0               
    i_rstgen.i_rstgen_bypass.i_tc_clk_mux2_init_no                              32.659          32.659          0.000           0.000           0.000           3               3               0               0               0               32.659          32.659          0.000           0.000           0.000           3               3               0               0               0               
    i_rstgen.i_rstgen_bypass.i_tc_clk_mux2_rst_n                                25.402          25.402          0.000           0.000           0.000           2               2               0               0               0               25.402          25.402          0.000           0.000           0.000           2               2               0               0               0               
    i_rstgen.i_rstgen_bypass.i_tc_clk_mux2_rst_no                               27.216          27.216          0.000           0.000           0.000           2               2               0               0               0               27.216          27.216          0.000           0.000           0.000           2               2               0               0               0               
    i_user                                                                      767.491         767.491         0.000           0.000           0.000           45              45              0               0               0               767.491         767.491         0.000           0.000           0.000           45              45              0               0               0               
