violation type: Horizontal congestion
	srcs: net:soc_gpio_i_12_ 
	congestion information: capacity:0 usage:1 overflow:1
	bbox = ( 1620, 432 ) - ( 1627.2, 439.2) on Layer -
violation type: Horizontal congestion
	srcs: net:soc_gpio_i_13_ 
	congestion information: capacity:0 usage:1 overflow:1
	bbox = ( 1620, 518.4 ) - ( 1627.2, 525.6) on Layer -
violation type: Horizontal congestion
	srcs: net:soc_gpio_i_14_ 
	congestion information: capacity:0 usage:1 overflow:1
	bbox = ( 1620, 604.8 ) - ( 1627.2, 612) on Layer -
violation type: Horizontal congestion
	srcs: net:soc_gpio_i_15_ 
	congestion information: capacity:0 usage:1 overflow:1
	bbox = ( 1620, 698.4 ) - ( 1627.2, 705.6) on Layer -
violation type: Horizontal congestion
	srcs: net:soc_gpio_i_16_ 
	congestion information: capacity:0 usage:1 overflow:1
	bbox = ( 1620, 784.8 ) - ( 1627.2, 792) on Layer -
violation type: Horizontal congestion
	srcs: net:soc_gpio_i_17_ 
	congestion information: capacity:0 usage:1 overflow:1
	bbox = ( 1620, 871.2 ) - ( 1627.2, 878.4) on Layer -
violation type: Horizontal congestion
	srcs: net:soc_gpio_i_18_ 
	congestion information: capacity:0 usage:1 overflow:1
	bbox = ( 1620, 957.6 ) - ( 1627.2, 964.8) on Layer -
violation type: Horizontal congestion
	srcs: net:soc_gpio_i_19_ 
	congestion information: capacity:0 usage:1 overflow:1
	bbox = ( 1620, 1051.2 ) - ( 1627.2, 1058.4) on Layer -
violation type: Horizontal congestion
	srcs: net:soc_gpio_i_20_ 
	congestion information: capacity:0 usage:1 overflow:1
	bbox = ( 1620, 1137.6 ) - ( 1627.2, 1144.8) on Layer -
violation type: Horizontal congestion
	srcs: net:soc_gpio_i_21_ 
	congestion information: capacity:0 usage:1 overflow:1
	bbox = ( 1620, 1224 ) - ( 1627.2, 1231.2) on Layer -
violation type: Horizontal congestion
	srcs: net:soc_gpio_i_22_ 
	congestion information: capacity:0 usage:1 overflow:1
	bbox = ( 1620, 1310.4 ) - ( 1627.2, 1317.6) on Layer -
violation type: Horizontal congestion
	srcs: net:soc_gpio_i_23_ 
	congestion information: capacity:0 usage:1 overflow:1
	bbox = ( 1620, 1404 ) - ( 1627.2, 1411.2) on Layer -
